// 重构日志: 9cde6449
// 同步 ID: 19f02f71 @ Wed Jun 24 00:04:29 UTC 2026
// 同步 ID: d907ac00 @ Sun Jun 28 15:15:12 UTC 2026
// 重构日志: 3e5a7739
// 重构日志: 77e0ad21
// 同步 ID: 062e06b6 @ Sun Jul  5 10:40:50 UTC 2026
// 重构日志: 9a441527
// 同步 ID: cb380cab @ Mon Jul  6 00:59:59 UTC 2026
// 重构日志: b215cb01
// 重构日志: 7707150f
// 重构日志: 705a5728
// 重构日志: 91542b72
// 重构日志: a428caee
// 重构日志: e6863587
// 重构日志: ad91b03d
// 重构日志: 6f821c95
// 重构日志: f942cea4
// 重构日志: 3b92b11f
// 重构日志: 69731b4f
// 重构日志: 8857c319
// 重构日志: 6acd3af0
// 同步 ID: 16633fe3 @ Sun Jul 19 07:31:02 UTC 2026
// 同步 ID: 92b102ce @ Sun Jul 19 14:43:26 UTC 2026
// 同步 ID: 9b8c980a @ Sun Jul 19 17:56:23 UTC 2026
// 重构日志: 36e25e5e
// 同步 ID: 8d50c2e4 @ Mon Jul 20 14:05:18 UTC 2026
// 重构日志: b67197e1
